android_cordova/platforms/android/build/outputs/apk/manifest-merger-debug-report.txt
-- Merging decision tree log ---
manifest
ADDED from AndroidManifest.xml:2:1
	android:hardwareAccelerated
		ADDED from AndroidManifest.xml:2:11
	xmlns:android
		ADDED from AndroidManifest.xml:2:124
	package
		ADDED from AndroidManifest.xml:2:102
	android:versionName
		ADDED from AndroidManifest.xml:2:74
	android:versionCode
		ADDED from AndroidManifest.xml:2:46
		INJECTED from AndroidManifest.xml:0:0
		INJECTED from AndroidManifest.xml:0:0
supports-screens
ADDED from AndroidManifest.xml:3:5
	android:resizeable
		ADDED from AndroidManifest.xml:3:106
	android:largeScreens
		ADDED from AndroidManifest.xml:3:49
	android:anyDensity
		ADDED from AndroidManifest.xml:3:23
	android:normalScreens
		ADDED from AndroidManifest.xml:3:77
	android:xlargeScreens
		ADDED from AndroidManifest.xml:3:160
	android:smallScreens
		ADDED from AndroidManifest.xml:3:132
uses-permission#android.permission.RECEIVE_BOOT_COMPLETED
ADDED from AndroidManifest.xml:4:5
	android:name
		ADDED from AndroidManifest.xml:4:22
uses-permission#android.permission.INTERNET
ADDED from AndroidManifest.xml:5:5
	android:name
		ADDED from AndroidManifest.xml:5:22
uses-permission#android.permission.ACCESS_NETWORK_STATE
ADDED from AndroidManifest.xml:6:5
	android:name
		ADDED from AndroidManifest.xml:6:22
uses-permission#android.permission.ACCESS_COARSE_LOCATION
ADDED from AndroidManifest.xml:7:5
	android:name
		ADDED from AndroidManifest.xml:7:22
uses-permission#android.permission.ACCESS_WIFI_STATE
ADDED from AndroidManifest.xml:8:5
	android:name
		ADDED from AndroidManifest.xml:8:22
uses-permission#android.permission.VIBRATE
ADDED from AndroidManifest.xml:9:5
	android:name
		ADDED from AndroidManifest.xml:9:22
uses-permission#android.permission.WAKE_LOCK
ADDED from AndroidManifest.xml:10:5
	android:name
		ADDED from AndroidManifest.xml:10:22
uses-permission#android.permission.WRITE_EXTERNAL_STORAGE
ADDED from AndroidManifest.xml:11:5
	android:name
		ADDED from AndroidManifest.xml:11:22
uses-permission#android.permission.READ_PHONE_STATE
ADDED from AndroidManifest.xml:12:5
	android:name
		ADDED from AndroidManifest.xml:12:22
application
ADDED from AndroidManifest.xml:13:5
MERGED from com.android.support:support-v4:20.0.0:17:5
	android:supportsRtl
		ADDED from AndroidManifest.xml:13:118
	android:label
		ADDED from AndroidManifest.xml:13:85
	android:icon
		ADDED from AndroidManifest.xml:13:53
	android:hardwareAccelerated
		ADDED from AndroidManifest.xml:13:18
receiver#com.glubsch.s_autostart
ADDED from AndroidManifest.xml:14:9
	android:name
		ADDED from AndroidManifest.xml:14:19
intent-filter#android.intent.action.BOOT_COMPLETED
ADDED from AndroidManifest.xml:15:13
action#android.intent.action.BOOT_COMPLETED
ADDED from AndroidManifest.xml:16:17
	android:name
		ADDED from AndroidManifest.xml:16:25
activity#com.glubsch.MainActivity
ADDED from AndroidManifest.xml:19:9
	android:windowSoftInputMode
		ADDED from AndroidManifest.xml:19:248
	android:label
		ADDED from AndroidManifest.xml:19:97
	android:configChanges
		ADDED from AndroidManifest.xml:19:19
	android:theme
		ADDED from AndroidManifest.xml:19:194
	android:name
		ADDED from AndroidManifest.xml:19:166
	android:launchMode
		ADDED from AndroidManifest.xml:19:135
intent-filter#android.intent.action.MAIN+android.intent.category.LAUNCHER
ADDED from AndroidManifest.xml:20:13
	android:label
		ADDED from AndroidManifest.xml:20:28
action#android.intent.action.MAIN
ADDED from AndroidManifest.xml:21:17
	android:name
		ADDED from AndroidManifest.xml:21:25
category#android.intent.category.LAUNCHER
ADDED from AndroidManifest.xml:22:17
	android:name
		ADDED from AndroidManifest.xml:22:27
service#com.glubsch.bg_service
ADDED from AndroidManifest.xml:25:9
	android:label
		ADDED from AndroidManifest.xml:25:50
	android:icon
		ADDED from AndroidManifest.xml:25:18
	android:process
		ADDED from AndroidManifest.xml:25:115
	android:name
		ADDED from AndroidManifest.xml:25:77
uses-sdk
ADDED from AndroidManifest.xml:28:5
MERGED from com.android.support:support-v4:20.0.0:16:5
MERGED from android:CordovaLib:unspecified:debug:25:5
	android:targetSdkVersion
		ADDED from AndroidManifest.xml:28:42
	android:minSdkVersion
		ADDED from AndroidManifest.xml:28:15